This is XeTeX, Version 3.14159265-2.6-0.999992 (TeX Live 2020) (preloaded format=xelatex 2020.10.29)  13 NOV 2020 20:36
entering extended mode
 restricted \write18 enabled.
 %&-line parsing enabled.
**/home/pwsmith/hello.tex
(/home/pwsmith/hello.tex
LaTeX2e <2020-10-01> patch level 2
L3 programming layer <2020-10-27> xparse <2020-03-03>
(/home/pwsmith/.texlive/texmf-dist/tex/latex/base/article.cls
Document Class: article 2020/04/10 v1.4m Standard LaTeX document class
(/home/pwsmith/.texlive/texmf-dist/tex/latex/base/size10.clo
File: size10.clo 2020/04/10 v1.4m Standard LaTeX file (size option)
)
\c@part=\count171
\c@section=\count172
\c@subsection=\count173
\c@subsubsection=\count174
\c@paragraph=\count175
\c@subparagraph=\count176
\c@figure=\count177
\c@table=\count178
\abovecaptionskip=\skip47
\belowcaptionskip=\skip48
\bibindent=\dimen138
)
(/home/pwsmith/.texlive/texmf-dist/tex/latex/biblatex/biblatex.sty
Package: biblatex 2020/08/23 v3.15a programmable bibliographies (PK/MW)

(/home/pwsmith/.texlive/texmf-dist/tex/generic/pdftexcmds/pdftexcmds.sty
Package: pdftexcmds 2020-06-27 v0.33 Utility functions of pdfTeX for LuaTeX (HO
)

(/home/pwsmith/.texlive/texmf-dist/tex/generic/infwarerr/infwarerr.sty
Package: infwarerr 2019/12/03 v1.5 Providing info/warning/error messages (HO)
)
(/home/pwsmith/.texlive/texmf-dist/tex/generic/iftex/iftex.sty
Package: iftex 2020/03/06 v1.0d TeX engine tests
)
(/home/pwsmith/.texlive/texmf-dist/tex/generic/ltxcmds/ltxcmds.sty
Package: ltxcmds 2020-05-10 v1.25 LaTeX kernel commands for general use (HO)
)
Package pdftexcmds Info: \pdf@primitive is available.
Package pdftexcmds Info: \pdf@ifprimitive is available.
Package pdftexcmds Info: \pdfdraftmode not found.
)
(/home/pwsmith/.texlive/texmf-dist/tex/latex/etoolbox/etoolbox.sty
Package: etoolbox 2020/10/05 v2.5k e-TeX tools for LaTeX (JAW)
\etb@tempcnta=\count179
)
(/home/pwsmith/.texlive/texmf-dist/tex/latex/graphics/keyval.sty
Package: keyval 2014/10/28 v1.15 key=value parser (DPC)
\KV@toks@=\toks15
)
(/home/pwsmith/.texlive/texmf-dist/tex/latex/kvoptions/kvoptions.sty
Package: kvoptions 2020-10-07 v3.14 Key value format for package options (HO)

(/home/pwsmith/.texlive/texmf-dist/tex/generic/kvsetkeys/kvsetkeys.sty
Package: kvsetkeys 2019/12/15 v1.18 Key value parser (HO)
))
(/home/pwsmith/.texlive/texmf-dist/tex/latex/logreq/logreq.sty
Package: logreq 2010/08/04 v1.0 xml request logger
\lrq@indent=\count180

(/home/pwsmith/.texlive/texmf-dist/tex/latex/logreq/logreq.def
File: logreq.def 2010/08/04 v1.0 logreq spec v1.0
))
(/home/pwsmith/.texlive/texmf-dist/tex/latex/base/ifthen.sty
Package: ifthen 2014/09/29 v1.1c Standard LaTeX ifthen package (DPC)
)
(/home/pwsmith/.texlive/texmf-dist/tex/latex/url/url.sty
\Urlmuskip=\muskip16
Package: url 2013/09/16  ver 3.4  Verb mode for urls, etc.
)
\c@tabx@nest=\count181
\c@listtotal=\count182
\c@listcount=\count183
\c@liststart=\count184
\c@liststop=\count185
\c@citecount=\count186
\c@citetotal=\count187
\c@multicitecount=\count188
\c@multicitetotal=\count189
\c@instcount=\count190
\c@maxnames=\count191
\c@minnames=\count192
\c@maxitems=\count193
\c@minitems=\count194
\c@citecounter=\count195
\c@maxcitecounter=\count196
\c@savedcitecounter=\count197
\c@uniquelist=\count198
\c@uniquename=\count199
\c@refsection=\count266
\c@refsegment=\count267
\c@maxextratitle=\count268
\c@maxextratitleyear=\count269
\c@maxextraname=\count270
\c@maxextradate=\count271
\c@maxextraalpha=\count272
\c@abbrvpenalty=\count273
\c@highnamepenalty=\count274
\c@lownamepenalty=\count275
\c@maxparens=\count276
\c@parenlevel=\count277
\blx@tempcnta=\count278
\blx@tempcntb=\count279
\blx@tempcntc=\count280
\blx@maxsection=\count281
\blx@maxsegment@0=\count282
\blx@notetype=\count283
\blx@parenlevel@text=\count284
\blx@parenlevel@foot=\count285
\blx@sectionciteorder@0=\count286
\blx@entrysetcounter=\count287
\blx@biblioinstance=\count288
\labelnumberwidth=\skip49
\labelalphawidth=\skip50
\biblabelsep=\skip51
\bibitemsep=\skip52
\bibnamesep=\skip53
\bibinitsep=\skip54
\bibparsep=\skip55
\bibhang=\skip56
\blx@bcfin=\read2
\blx@bcfout=\write3
\blx@langwohyphens=\language10
\c@mincomprange=\count289
\c@maxcomprange=\count290
\c@mincompwidth=\count291
Package biblatex Info: Trying to load biblatex default data model...
Package biblatex Info: ... file 'blx-dm.def' found.

(/home/pwsmith/.texlive/texmf-dist/tex/latex/biblatex/blx-dm.def
File: blx-dm.def 2020/08/23 v3.15a biblatex localization (PK/MW)
)
Package biblatex Info: Trying to load biblatex custom data model...
Package biblatex Info: ... file 'biblatex-dm.cfg' not found.
\c@afterword=\count292
\c@savedafterword=\count293
\c@annotator=\count294
\c@savedannotator=\count295
\c@author=\count296
\c@savedauthor=\count297
\c@bookauthor=\count298
\c@savedbookauthor=\count299
\c@commentator=\count300
\c@savedcommentator=\count301
\c@editor=\count302
\c@savededitor=\count303
\c@editora=\count304
\c@savededitora=\count305
\c@editorb=\count306
\c@savededitorb=\count307
\c@editorc=\count308
\c@savededitorc=\count309
\c@foreword=\count310
\c@savedforeword=\count311
\c@holder=\count312
\c@savedholder=\count313
\c@introduction=\count314
\c@savedintroduction=\count315
\c@namea=\count316
\c@savednamea=\count317
\c@nameb=\count318
\c@savednameb=\count319
\c@namec=\count320
\c@savednamec=\count321
\c@translator=\count322
\c@savedtranslator=\count323
\c@shortauthor=\count324
\c@savedshortauthor=\count325
\c@shorteditor=\count326
\c@savedshorteditor=\count327
\c@labelname=\count328
\c@savedlabelname=\count329
\c@institution=\count330
\c@savedinstitution=\count331
\c@lista=\count332
\c@savedlista=\count333
\c@listb=\count334
\c@savedlistb=\count335
\c@listc=\count336
\c@savedlistc=\count337
\c@listd=\count338
\c@savedlistd=\count339
\c@liste=\count340
\c@savedliste=\count341
\c@listf=\count342
\c@savedlistf=\count343
\c@location=\count344
\c@savedlocation=\count345
\c@organization=\count346
\c@savedorganization=\count347
\c@origlocation=\count348
\c@savedoriglocation=\count349
\c@origpublisher=\count350
\c@savedorigpublisher=\count351
\c@publisher=\count352
\c@savedpublisher=\count353
\c@language=\count354
\c@savedlanguage=\count355
\c@origlanguage=\count356
\c@savedoriglanguage=\count357
\c@pageref=\count358
\c@savedpageref=\count359
\shorthandwidth=\skip57
\shortjournalwidth=\skip58
\shortserieswidth=\skip59
\shorttitlewidth=\skip60
\shortauthorwidth=\skip61
\shorteditorwidth=\skip62
\locallabelnumberwidth=\skip63
\locallabelalphawidth=\skip64
\localshorthandwidth=\skip65
\localshortjournalwidth=\skip66
\localshortserieswidth=\skip67
\localshorttitlewidth=\skip68
\localshortauthorwidth=\skip69
\localshorteditorwidth=\skip70
Package biblatex Info: Trying to load enhanced support for Unicode engines...
Package biblatex Info: ... file 'blx-unicode.def' found.

(/home/pwsmith/.texlive/texmf-dist/tex/latex/biblatex/blx-unicode.def)
Package biblatex Info: Trying to load compatibility code...
Package biblatex Info: ... file 'blx-compat.def' found.

(/home/pwsmith/.texlive/texmf-dist/tex/latex/biblatex/blx-compat.def
File: blx-compat.def 2020/08/23 v3.15a biblatex compatibility (PK/MW)
)
(/home/pwsmith/.texlive/texmf-dist/tex/latex/l3kernel/expl3.sty
Package: expl3 2020-10-27 L3 programming layer (loader) 

(/home/pwsmith/.texlive/texmf-dist/tex/latex/l3backend/l3backend-xetex.def
File: l3backend-xetex.def 2020-09-24 L3 backend support: XeTeX
\g__graphics_track_int=\count360
\l__pdf_internal_box=\box47
\g__pdf_backend_object_int=\count361
\g__pdf_backend_annotation_int=\count362
))
Package biblatex Info: expl3
(biblatex)             2020-10-27 L3 programming layer (loader) 
(biblatex)             is new enough (at least 2020/04/06),
(biblatex)             setting 'casechanger=expl3'.
Package biblatex Info: Trying to load expl3 case changing code...
Package biblatex Info: ... file 'blx-case-expl3.def' found.

(/home/pwsmith/.texlive/texmf-dist/tex/latex/biblatex/blx-case-expl3.def
(/home/pwsmith/.texlive/texmf-dist/tex/latex/l3packages/xparse/xparse.sty
Package: xparse 2020-10-27 L3 Experimental document command parser

(/home/pwsmith/.texlive/texmf-dist/tex/latex/l3packages/xparse/xparse-generic.t
ex))
File: blx-case-expl3 2020/08/23 v3.15a expl3 case changing code for biblatex
)
Package biblatex Info: Trying to load generic definitions...
Package biblatex Info: ... file 'biblatex.def' found.
 (/home/pwsmith/.texlive/texmf-dist/tex/latex/biblatex/biblatex.def
File: biblatex.def 2020/08/23 v3.15a biblatex compatibility (PK/MW)
\c@textcitecount=\count363
\c@textcitetotal=\count364
\c@textcitemaxnames=\count365
\c@biburlbigbreakpenalty=\count366
\c@biburlbreakpenalty=\count367
\c@biburlnumpenalty=\count368
\c@biburlucpenalty=\count369
\c@biburllcpenalty=\count370
\biburlbigskip=\muskip17
\biburlnumskip=\muskip18
\biburlucskip=\muskip19
\biburllcskip=\muskip20
\c@smartand=\count371
)
Package biblatex Info: Trying to load bibliography style 'numeric'...
Package biblatex Info: ... file 'numeric.bbx' found.

(/home/pwsmith/.texlive/texmf-dist/tex/latex/biblatex/bbx/numeric.bbx
File: numeric.bbx 2020/08/23 v3.15a biblatex bibliography style (PK/MW)
Package biblatex Info: Trying to load bibliography style 'standard'...
Package biblatex Info: ... file 'standard.bbx' found.

(/home/pwsmith/.texlive/texmf-dist/tex/latex/biblatex/bbx/standard.bbx
File: standard.bbx 2020/08/23 v3.15a biblatex bibliography style (PK/MW)
\c@bbx:relatedcount=\count372
\c@bbx:relatedtotal=\count373
))
Package biblatex Info: Trying to load citation style 'numeric'...
Package biblatex Info: ... file 'numeric.cbx' found.

(/home/pwsmith/.texlive/texmf-dist/tex/latex/biblatex/cbx/numeric.cbx
File: numeric.cbx 2020/08/23 v3.15a biblatex citation style (PK/MW)
Package biblatex Info: Redefining '\cite'.
Package biblatex Info: Redefining '\parencite'.
Package biblatex Info: Redefining '\footcite'.
Package biblatex Info: Redefining '\footcitetext'.
Package biblatex Info: Redefining '\smartcite'.
Package biblatex Info: Redefining '\supercite'.
Package biblatex Info: Redefining '\textcite'.
Package biblatex Info: Redefining '\textcites'.
Package biblatex Info: Redefining '\cites'.
Package biblatex Info: Redefining '\parencites'.
Package biblatex Info: Redefining '\smartcites'.
)
Package biblatex Info: Trying to load configuration file...
Package biblatex Info: ... file 'biblatex.cfg' found.

(/home/pwsmith/.texlive/texmf-dist/tex/latex/biblatex/biblatex.cfg
File: biblatex.cfg 
))
\@quotelevel=\count374
\@quotereset=\count375

No file hello.aux.
\openout1 = `hello.aux'.

LaTeX Font Info:    Checking defaults for OML/cmm/m/it on input line 6.
LaTeX Font Info:    ... okay on input line 6.
LaTeX Font Info:    Checking defaults for OMS/cmsy/m/n on input line 6.
LaTeX Font Info:    ... okay on input line 6.
LaTeX Font Info:    Checking defaults for OT1/cmr/m/n on input line 6.
LaTeX Font Info:    ... okay on input line 6.
LaTeX Font Info:    Checking defaults for T1/cmr/m/n on input line 6.
LaTeX Font Info:    ... okay on input line 6.
LaTeX Font Info:    Checking defaults for TS1/cmr/m/n on input line 6.
LaTeX Font Info:    Trying to load font information for TS1+cmr on input line 6
.
(/home/pwsmith/.texlive/texmf-dist/tex/latex/base/ts1cmr.fd
File: ts1cmr.fd 2019/12/16 v2.5j Standard LaTeX font definitions
)
LaTeX Font Info:    ... okay on input line 6.
LaTeX Font Info:    Checking defaults for TU/lmr/m/n on input line 6.
LaTeX Font Info:    ... okay on input line 6.
LaTeX Font Info:    Checking defaults for OMX/cmex/m/n on input line 6.
LaTeX Font Info:    ... okay on input line 6.
LaTeX Font Info:    Checking defaults for U/cmr/m/n on input line 6.
LaTeX Font Info:    ... okay on input line 6.
Package biblatex Info: Trying to load language 'english'...
Package biblatex Info: ... file 'english.lbx' found.

(/home/pwsmith/.texlive/texmf-dist/tex/latex/biblatex/lbx/english.lbx
File: english.lbx 2020/08/23 v3.15a biblatex localization (PK/MW)
)
Package biblatex Info: XeTeX detected.
(biblatex)             Assuming input encoding 'utf8'.
Package biblatex Info: Automatic encoding selection.
(biblatex)             Assuming data encoding 'utf8'.
\openout3 = `hello.bcf'.

Package biblatex Info: Trying to load bibliographic data...
Package biblatex Info: ... file 'hello.bbl' not found.

No file hello.bbl.
Package biblatex Info: Reference section=0 on input line 6.
Package biblatex Info: Reference segment=0 on input line 6.

LaTeX Warning: Citation 'uiltje2013' on page 1 undefined on input line 10.


LaTeX Warning: Empty bibliography on input line 12.

[1

] (./hello.aux)

LaTeX Warning: There were undefined references.


Package biblatex Warning: Please (re)run Biber on the file:
(biblatex)                hello
(biblatex)                and rerun LaTeX afterwards.

Package logreq Info: Writing requests to 'hello.run.xml'.
\openout1 = `hello.run.xml'.

 ) 
Here is how much of TeX's memory you used:
 8070 strings out of 479316
 156701 string characters out of 5876475
 861047 words of memory out of 5000000
 27463 multiletter control sequences out of 15000+600000
 535104 words of font info for 31 fonts, out of 8000000 for 9000
 36 hyphenation exceptions out of 8191
 65i,4n,73p,752b,1139s stack positions out of 5000i,500n,10000p,200000b,80000s

Output written on hello.pdf (1 page).
